<?xml version="1.0" encoding="UTF-8"?>
<!-- Generated by org.testng.reporters.JUnitReportReporter -->
<testsuite hostname="RISHI" failures="0" tests="1" name="PracticeEndToEnd.Etrain" time="45.598" errors="0" timestamp="2024-05-26T21:04:55 IST" skipped="0">
  <testcase classname="PracticeEndToEnd.Etrain" name="testcase" time="45.598"/>
  <system-out/>
</testsuite> <!-- PracticeEndToEnd.Etrain -->
