<?xml version="1.0" encoding="UTF-8"?>
<!-- Generated by org.testng.reporters.JUnitReportReporter -->
<testsuite hostname="RISHI" failures="0" tests="6" name="TestNG.Sample1" time="43.671" errors="0" timestamp="2024-05-12T08:32:49 IST" skipped="0">
  <testcase classname="TestNG.Sample1" name="ArathmaticOperation" time="0.015"/>
  <system-out/>
  <testcase classname="TestNG.Sample1" name="OrangeHRM" time="6.868"/>
  <system-out/>
  <testcase classname="TestNG.Sample1" name="OrangeHRM" time="15.241"/>
  <system-out/>
  <testcase classname="TestNG.Sample1" name="OrangeHRM" time="15.685"/>
  <system-out/>
  <testcase classname="TestNG.Sample1" name="openSwagLabs" time="2.922"/>
  <system-out/>
  <testcase classname="TestNG.Sample1" name="OpenGoogle" time="2.940"/>
  <system-out/>
</testsuite> <!-- TestNG.Sample1 -->
