<?xml version="1.0" encoding="UTF-8"?>
<!-- Generated by org.testng.reporters.JUnitReportReporter -->
<testsuite hostname="RISHI" failures="0" tests="3" name="TestNG.DependsOnSample3" time="0.013" errors="0" timestamp="2024-05-12T08:25:29 IST" skipped="0">
  <testcase classname="TestNG.DependsOnSample3" name="DeletePIM" time="0.001"/>
  <system-out/>
  <testcase classname="TestNG.DependsOnSample3" name="UpdatePIM" time="0.001"/>
  <system-out/>
  <testcase classname="TestNG.DependsOnSample3" name="createPIM" time="0.011"/>
  <system-out/>
</testsuite> <!-- TestNG.DependsOnSample3 -->
