<?xml version="1.0" encoding="UTF-8"?>
<!-- Generated by org.testng.reporters.JUnitReportReporter -->
<testsuite hostname="RISHI" failures="0" tests="1" name="TestNG.SwitchToActiveElement" time="56.351" errors="0" timestamp="2024-05-13T23:09:07 IST" skipped="0">
  <testcase classname="TestNG.SwitchToActiveElement" name="test1" time="56.351"/>
  <system-out/>
</testsuite> <!-- TestNG.SwitchToActiveElement -->
