<?xml version="1.0" encoding="UTF-8"?>
<!-- Generated by org.testng.reporters.JUnitReportReporter -->
<testsuite hostname="RISHI" failures="0" tests="1" name="DDT.ExcelReading" time="0.593" errors="0" timestamp="2024-06-09T18:06:26 IST" skipped="0">
  <testcase classname="DDT.ExcelReading" name="ReadAllSheetData" time="0.593"/>
  <system-out/>
</testsuite> <!-- DDT.ExcelReading -->
