<?xml version="1.0" encoding="UTF-8"?>
<!-- Generated by org.testng.reporters.JUnitReportReporter -->
<testsuite hostname="RISHI" failures="0" tests="1" name="PackageForTestSuite.NewTest5" time="7.346" errors="0" timestamp="2024-05-27T10:00:21 IST" skipped="0">
  <testcase classname="PackageForTestSuite.NewTest5" name="a" time="7.346"/>
  <system-out/>
</testsuite> <!-- PackageForTestSuite.NewTest5 -->
