<?xml version="1.0" encoding="UTF-8"?>
<!-- Generated by org.testng.reporters.JUnitReportReporter -->
<testsuite hostname="RISHI" failures="0" tests="1" name="PackageForTestSuite.NewTest4" time="3.456" errors="0" timestamp="2024-05-27T10:00:21 IST" skipped="0">
  <testcase classname="PackageForTestSuite.NewTest4" name="a" time="3.456"/>
  <system-out/>
</testsuite> <!-- PackageForTestSuite.NewTest4 -->
