<?xml version="1.0" encoding="UTF-8"?>
<!-- Generated by org.testng.reporters.JUnitReportReporter -->
<testsuite hostname="RISHI" failures="0" tests="1" name="TestNG.SwitchElementAssigment2" time="35.594" errors="0" timestamp="2024-05-15T10:13:52 IST" skipped="0">
  <testcase classname="TestNG.SwitchElementAssigment2" name="Assigment2" time="35.594"/>
  <system-out/>
</testsuite> <!-- TestNG.SwitchElementAssigment2 -->
