<?xml version="1.0" encoding="UTF-8"?>
<!-- Generated by org.testng.reporters.JUnitReportReporter -->
<testsuite hostname="RISHI" failures="0" tests="1" name="TestNG.AlertHandeling1" time="29.687" errors="0" timestamp="2024-05-14T09:46:57 IST" skipped="0">
  <testcase classname="TestNG.AlertHandeling1" name="AlertHandling" time="29.687"/>
  <system-out/>
</testsuite> <!-- TestNG.AlertHandeling1 -->
