<?xml version="1.0" encoding="UTF-8"?>
<!-- Generated by org.testng.reporters.JUnitReportReporter -->
<testsuite hostname="RISHI" failures="0" tests="1" name="PackageForTestSuite.NewTest1" time="7.524" errors="0" timestamp="2024-05-15T21:57:29 IST" skipped="0">
  <testcase classname="PackageForTestSuite.NewTest1" name="a" time="7.524"/>
  <system-out/>
</testsuite> <!-- PackageForTestSuite.NewTest1 -->
