<?xml version="1.0" encoding="UTF-8"?>
<!-- Generated by org.testng.reporters.JUnitReportReporter -->
<testsuite hostname="RISHI" failures="0" tests="2" name="POMTestScripts.GoogleTestScript" time="2.249" errors="0" timestamp="2024-06-17T09:26:26 IST" skipped="0">
  <testcase classname="POMTestScripts.GoogleTestScript" name="TestSuggestionsvalue" time="0.542"/>
  <system-out/>
  <testcase classname="POMTestScripts.GoogleTestScript" name="TestSuggestionsSelection" time="1.707"/>
  <system-out/>
</testsuite> <!-- POMTestScripts.GoogleTestScript -->
