<?xml version="1.0" encoding="UTF-8"?>
<!-- Generated by org.testng.reporters.JUnitReportReporter -->
<testsuite hostname="RISHI" failures="0" tests="1" name="PackageForTestSuite.NewTest2" time="3.842" errors="0" timestamp="2024-05-15T21:57:29 IST" skipped="0">
  <testcase classname="PackageForTestSuite.NewTest2" name="a" time="3.842"/>
  <system-out/>
</testsuite> <!-- PackageForTestSuite.NewTest2 -->
