<?xml version="1.0" encoding="UTF-8"?>
<!-- Generated by org.testng.reporters.JUnitReportReporter -->
<testsuite hostname="RISHI" failures="0" tests="3" name="TestNG.Sample2" time="0.005" errors="0" timestamp="2024-04-10T08:56:11 IST" skipped="0">
  <testcase classname="TestNG.Sample2" name="TestCase2" time="0.001"/>
  <system-out/>
  <testcase classname="TestNG.Sample2" name="TestCase3" time="0.002"/>
  <system-out/>
  <testcase classname="TestNG.Sample2" name="TestCase1" time="0.002"/>
  <system-out/>
</testsuite> <!-- TestNG.Sample2 -->
