<?xml version="1.0" encoding="UTF-8"?>
<!-- Generated by org.testng.reporters.JUnitReportReporter -->
<testsuite hostname="RISHI" failures="0" tests="1" name="PackageForTestSuite.NewTest3" time="3.585" errors="0" timestamp="2024-05-27T10:00:21 IST" skipped="0">
  <testcase classname="PackageForTestSuite.NewTest3" name="a" time="3.585"/>
  <system-out/>
</testsuite> <!-- PackageForTestSuite.NewTest3 -->
