<?xml version="1.0" encoding="UTF-8"?>
<!-- Generated by org.testng.reporters.JUnitReportReporter -->
<testsuite hostname="RISHI" failures="0" tests="1" name="DDT.ExcelUpdate" time="0.580" errors="0" timestamp="2024-06-11T09:02:57 IST" skipped="0">
  <testcase classname="DDT.ExcelUpdate" name="UpdateCellDetails" time="0.580"/>
  <system-out/>
</testsuite> <!-- DDT.ExcelUpdate -->
