<?xml version="1.0" encoding="UTF-8"?>
<!-- Generated by org.testng.reporters.JUnitReportReporter -->
<testsuite hostname="RISHI" failures="0" tests="1" name="TestNG.AlertHandeling2" time="49.391" errors="0" timestamp="2024-05-14T10:17:42 IST" skipped="0">
  <testcase classname="TestNG.AlertHandeling2" name="Alerthandeling2" time="49.391"/>
  <system-out/>
</testsuite> <!-- TestNG.AlertHandeling2 -->
